2024-12-12T14:08:26 [info] [SERVER] - ctx:no - id:unknown - "Redis client connected" - {}
2024-12-12T14:08:26 [info] [SERVER] - ctx:no - id:unknown - "PONG" - {}
2024-12-12T14:08:40 [info] [SERVER] - ctx:no - id:unknown - "Redis client connected" - {}
2024-12-12T14:08:40 [info] [SERVER] - ctx:no - id:unknown - "PONG" - {}
2024-12-12T14:09:36 [info] [SERVER] - ctx:no - id:unknown - "Redis client connected" - {}
2024-12-12T14:09:36 [info] [SERVER] - ctx:no - id:unknown - "PONG" - {}
2024-12-12T14:10:08 [info] [SERVER] - ctx:no - id:unknown - "Redis client connected" - {}
2024-12-12T14:10:08 [info] [SERVER] - ctx:no - id:unknown - "PONG" - {}
2024-12-12T14:10:21 [info] [SERVER] - ctx:no - id:unknown - "Redis client connected" - {}
2024-12-12T14:10:21 [info] [SERVER] - ctx:no - id:unknown - "PONG" - {}
2024-12-12T14:10:50 [info] [SERVER] - ctx:no - id:unknown - "Redis client connected" - {}
2024-12-12T14:10:50 [info] [SERVER] - ctx:no - id:unknown - "PONG" - {}
2024-12-12T14:11:27 [info] [SERVER] - ctx:no - id:unknown - "Redis client connected" - {}
2024-12-12T14:11:27 [info] [SERVER] - ctx:no - id:unknown - "PONG" - {}
2024-12-12T14:11:38 [info] [SERVER] - ctx:no - id:unknown - "Redis client connected" - {}
2024-12-12T14:11:39 [info] [SERVER] - ctx:no - id:unknown - "PONG" - {}
2024-12-12T14:13:51 [info] [SERVER] - ctx:no - id:unknown - "Redis client connected" - {}
2024-12-12T14:13:51 [info] [SERVER] - ctx:no - id:unknown - "PONG" - {}
2024-12-12T14:14:04 [info] [SERVER] - ctx:no - id:unknown - "Redis client connected" - {}
2024-12-12T14:14:04 [info] [SERVER] - ctx:no - id:unknown - "PONG" - {}
2024-12-12T14:15:01 [info] [SERVER] - ctx:no - id:unknown - "Redis client connected" - {}
2024-12-12T14:15:01 [info] [SERVER] - ctx:no - id:unknown - "PONG" - {}
2024-12-12T14:15:27 [info] [SERVER] - ctx:no - id:unknown - "Redis client connected" - {}
2024-12-12T14:15:27 [info] [SERVER] - ctx:no - id:unknown - "PONG" - {}
2024-12-12T14:15:52 [info] [SERVER] - ctx:no - id:unknown - "Redis client connected" - {}
2024-12-12T14:15:52 [info] [SERVER] - ctx:no - id:unknown - "PONG" - {}
2024-12-12T14:15:58 [info] [SERVER] - ctx:no - id:unknown - "Redis client connected" - {}
2024-12-12T14:15:58 [info] [SERVER] - ctx:no - id:unknown - "PONG" - {}
2024-12-12T14:16:05 [error] [SERVER] - ctx:no - id:unknown - "Cannot read properties of undefined (reading 'toString')" - {}
2024-12-12T14:16:49 [info] [SERVER] - ctx:no - id:unknown - "Redis client connected" - {}
2024-12-12T14:16:49 [info] [SERVER] - ctx:no - id:unknown - "PONG" - {}
2024-12-12T14:16:57 [error] [SERVER] - ctx:no - id:unknown - "Cannot read properties of undefined (reading 'toString')" - {}
2024-12-12T14:16:57 [info] [SERVER] - ctx:no - id:unknown - "AccessService::" - {}
2024-12-12T14:16:57 [info] [SERVER] - ctx:no - id:unknown - "existedEmail" - {}
2024-12-12T14:17:27 [info] [SERVER] - ctx:no - id:unknown - "Redis client connected" - {}
2024-12-12T14:17:27 [info] [SERVER] - ctx:no - id:unknown - "PONG" - {}
2024-12-12T14:17:29 [error] [SERVER] - ctx:no - id:unknown - "Cannot read properties of undefined (reading 'toString')" - {}
2024-12-12T14:17:29 [info] [SERVER] - ctx:no - id:unknown - "AccessService::" - {}
2024-12-12T14:17:29 [info] [SERVER] - ctx:no - id:unknown - "existedEmail" - {}
2024-12-12T14:18:37 [info] [SERVER] - ctx:no - id:unknown - "Redis client connected" - {}
2024-12-12T14:18:37 [info] [SERVER] - ctx:no - id:unknown - "PONG" - {}
2024-12-12T14:18:40 [error] [SERVER] - ctx:no - id:unknown - "Cannot read properties of undefined (reading 'headers')" - {}
2024-12-12T14:18:40 [info] [SERVER] - ctx:no - id:unknown - "AccessService::" - {}
2024-12-12T14:18:40 [info] [SERVER] - ctx:no - id:unknown - "existedEmail" - {}
2024-12-12T14:19:40 [info] [SERVER] - ctx:no - id:unknown - "middleware::apiKey:: undefined" - {}
2024-12-12T14:20:05 [info] [SERVER] - ctx:no - id:unknown - "Redis client connected" - {}
2024-12-12T14:20:05 [info] [SERVER] - ctx:no - id:unknown - "PONG" - {}
2024-12-12T14:20:09 [info] [SERVER] - ctx:no - id:unknown - "middleware::apiKey:: 92479229" - {}
